Using pre-set license
Built from '2020.2/release' branch; Version is '2020.2.2f1 (068178b99f32) revision 426360'; Using compiler version '192528614'; Build Type 'Release'
OS: 'Windows 10 Pro; OS build 19041.867; Version 2004; 64bit' Language: 'en' Physical Memory: 8112 MB
BatchMode: 1, IsHumanControllingUs: 0, StartBugReporterOnCrash: 0, Is64bit: 1, IsPro: 0

 COMMAND LINE ARGUMENTS:
C:\Program Files\Unity\Editor\Unity.exe
-adb2
-batchMode
-noUpm
-name
AssetImportWorker1
-projectPath
D:/ANUL 3/Semestrul II/Game-Design/Quiz Game
-logFile
Logs/AssetImportWorker1.log
-srvPort
59230
Successfully changed project path to: D:/ANUL 3/Semestrul II/Game-Design/Quiz Game
D:/ANUL 3/Semestrul II/Game-Design/Quiz Game
Using Asset Import Pipeline V2.
Refreshing native plugins compatible for Editor in 43.61 ms, found 1 plugins.
Preloading 0 native plugins for Editor in 0.00 ms.
Initialize engine version: 2020.2.2f1 (068178b99f32)
[Subsystems] Discovering subsystems at path C:/Program Files/Unity/Editor/Data/Resources/UnitySubsystems
[Subsystems] Discovering subsystems at path D:/ANUL 3/Semestrul II/Game-Design/Quiz Game/Assets
GfxDevice: creating device client; threaded=0
Direct3D:
    Version:  Direct3D 11.0 [level 11.1]
    Renderer: NVIDIA GeForce GTX 1650 (ID=0x1f91)
    Vendor:   
    VRAM:     3962 MB
    Driver:   27.21.14.6192
Initialize mono
Mono path[0] = 'C:/Program Files/Unity/Editor/Data/Managed'
Mono path[1] = 'C:/Program Files/Unity/Editor/Data/MonoBleedingEdge/lib/mono/unityjit'
Mono config path = 'C:/Program Files/Unity/Editor/Data/MonoBleedingEdge/etc'
Using monoOptions --debugger-agent=transport=dt_socket,embedding=1,server=y,suspend=n,address=127.0.0.1:56128
Begin MonoManager ReloadAssembly
Registering precompiled unity dll's ...
Register platform support module: C:/Program Files/Unity/Editor/Data/PlaybackEngines/WindowsStandaloneSupport/UnityEditor.WindowsStandalone.Extensions.dll
Registered in 0.001692 seconds.
Native extension for WindowsStandalone target not found
Refreshing native plugins compatible for Editor in 49.86 ms, found 1 plugins.
Preloading 0 native plugins for Editor in 0.00 ms.
Invoked RoslynAnalysisRunner static constructor.
RoslynAnalysisRunner will not be running.
RoslynAnalysisRunner has terminated.
Mono: successfully reloaded assembly
- Completed reload, in  1.844 seconds
Platform modules already initialized, skipping
Registering precompiled user dll's ...
Registered in 0.001824 seconds.
Begin MonoManager ReloadAssembly
Native extension for WindowsStandalone target not found
Refreshing native plugins compatible for Editor in 46.53 ms, found 1 plugins.
Preloading 0 native plugins for Editor in 0.00 ms.
Invoked RoslynAnalysisRunner static constructor.
RoslynAnalysisRunner will not be running.
RoslynAnalysisRunner has terminated.
Find all reader and writers took 91 milliseconds
Script Module: UnityEngine.UI.dll
Weave behaviours and messages took67 milliseconds
Find all reader and writers took 66 milliseconds
Script Module: UnityEngine.TestRunner.dll
Weave behaviours and messages took18 milliseconds
Find all reader and writers took 72 milliseconds
Script Module: Unity.Mathematics.dll
Weave behaviours and messages took162 milliseconds
Find all reader and writers took 55 milliseconds
Script Module: Unity.2D.Animation.Triangle.Runtime.dll
Weave behaviours and messages took32 milliseconds
Find all reader and writers took 82 milliseconds
Script Module: SimpleWebTransport.dll
Weave behaviours and messages took7 milliseconds
Find all reader and writers took 74 milliseconds
Script Module: Unity.Timeline.dll
Weave behaviours and messages took24 milliseconds
Find all reader and writers took 88 milliseconds
Script Module: Unity.TextMeshPro.dll
Weave behaviours and messages took78 milliseconds
Find all reader and writers took 71 milliseconds
Script Module: Unity.2D.Animation.Runtime.dll
Weave behaviours and messages took4 milliseconds
Find all reader and writers took 68 milliseconds
Script Module: Unity.2D.IK.Runtime.dll
Weave behaviours and messages took2 milliseconds
Find all reader and writers took 67 milliseconds
Script Module: Unity.2D.SpriteShape.Runtime.dll
Weave behaviours and messages took20 milliseconds
Find all reader and writers took 57 milliseconds
Script Module: Telepathy.dll
Weave behaviours and messages took2 milliseconds
Find all reader and writers took 63 milliseconds
Script Module: kcp2k.dll
Weave behaviours and messages took5 milliseconds
Find all reader and writers took 72 milliseconds
Script Module: Unity.2D.PixelPerfect.dll
Weave behaviours and messages took3 milliseconds
Find all reader and writers took 68 milliseconds
Script Module: Mirror.Examples.Cloud.GUI.dll
Weave behaviours and messages took3 milliseconds
Find all reader and writers took 67 milliseconds
Script Module: Mirror.Cloud.dll
Weave behaviours and messages took4 milliseconds
Find all reader and writers took 79 milliseconds
Script Module: Unity.2D.Common.Runtime.dll
Weave behaviours and messages took0 milliseconds
Find all reader and writers took 66 milliseconds
Script Module: Unity.InternalAPIEngineBridge.001.dll
Weave behaviours and messages took0 milliseconds
Find all reader and writers took 93 milliseconds
Script Module: UnityEditor.TestRunner.dll
Weave behaviours and messages took39 milliseconds
Find all reader and writers took 103 milliseconds
Script Module: UnityEditor.UI.dll
Weave behaviours and messages took11 milliseconds
Find all reader and writers took 74 milliseconds
Script Module: PsdPlugin.dll
Weave behaviours and messages took13 milliseconds
Find all reader and writers took 70 milliseconds
Script Module: Mirror.CompilerSymbols.dll
Weave behaviours and messages took0 milliseconds
Find all reader and writers took 108 milliseconds
Script Module: Unity.InternalAPIEditorBridge.001.dll
Weave behaviours and messages took0 milliseconds
Mono: successfully reloaded assembly
- Completed reload, in  6.070 seconds
Platform modules already initialized, skipping
========================================================================
Worker process is ready to serve import requests
Launched and connected shader compiler UnityShaderCompiler.exe after 0.05 seconds
Refreshing native plugins compatible for Editor in 0.55 ms, found 1 plugins.
Preloading 0 native plugins for Editor in 0.00 ms.
Unloading 2121 Unused Serialized files (Serialized files now loaded: 0)
System memory in use before: 95.6 MB.
System memory in use after: 95.6 MB.

Unloading 29 unused Assets to reduce memory usage. Loaded Objects now: 2559.
Total: 4.620100 ms (FindLiveObjects: 0.260800 ms CreateObjectMapping: 0.079600 ms MarkObjects: 4.096500 ms  DeleteObjects: 0.181900 ms)

========================================================================
Received Import Request.
  path: Assets/PLAYERUNIT 1.prefab
  artifactKey: Guid(101d9b5b908bc7943ad484446a7d02d6) Importer(815301076,1909f56bfc062723c751e8b465ee728b)
Start importing Assets/PLAYERUNIT 1.prefab using Guid(101d9b5b908bc7943ad484446a7d02d6) Importer(815301076,1909f56bfc062723c751e8b465ee728b)  -> (artifact id: 'eaa3bb6c77f6ef0a615866062b09e8d8') in 0.054228 seconds
  Import took 0.057956 seconds .

========================================================================
Received Import Request.
  Time since last request: 2.840919 seconds.
  path: Assets/PLAYERUNIT 1.prefab
  artifactKey: Guid(101d9b5b908bc7943ad484446a7d02d6) Importer(815301076,1909f56bfc062723c751e8b465ee728b)
Start importing Assets/PLAYERUNIT 1.prefab using Guid(101d9b5b908bc7943ad484446a7d02d6) Importer(815301076,1909f56bfc062723c751e8b465ee728b)  -> (artifact id: 'c88a2f2e71cd57a990ab8c8649eeb20c') in 0.006057 seconds
  Import took 0.009539 seconds .

========================================================================
Received Import Request.
  Time since last request: 5.657084 seconds.
  path: Assets/PLAYERUNIT 1.prefab
  artifactKey: Guid(101d9b5b908bc7943ad484446a7d02d6) Importer(815301076,1909f56bfc062723c751e8b465ee728b)
Start importing Assets/PLAYERUNIT 1.prefab using Guid(101d9b5b908bc7943ad484446a7d02d6) Importer(815301076,1909f56bfc062723c751e8b465ee728b)  -> (artifact id: '774c29a3e607aba2bf6c0a26b4ded8d1') in 0.006573 seconds
  Import took 0.010599 seconds .

========================================================================
Received Prepare
Registering precompiled user dll's ...
Registered in 0.002233 seconds.
Begin MonoManager ReloadAssembly
Native extension for WindowsStandalone target not found
Refreshing native plugins compatible for Editor in 0.97 ms, found 1 plugins.
Preloading 0 native plugins for Editor in 0.00 ms.
Invoked RoslynAnalysisRunner static constructor.
RoslynAnalysisRunner will not be running.
RoslynAnalysisRunner has terminated.
Mono: successfully reloaded assembly
- Completed reload, in  1.257 seconds
Platform modules already initialized, skipping
Refreshing native plugins compatible for Editor in 0.82 ms, found 1 plugins.
Preloading 0 native plugins for Editor in 0.00 ms.
Unloading 2103 Unused Serialized files (Serialized files now loaded: 0)
System memory in use before: 94.9 MB.
System memory in use after: 94.9 MB.

Unloading 18 unused Assets to reduce memory usage. Loaded Objects now: 2564.
Total: 3.556900 ms (FindLiveObjects: 0.501400 ms CreateObjectMapping: 0.177800 ms MarkObjects: 2.708200 ms  DeleteObjects: 0.166500 ms)

========================================================================
Received Import Request.
  Time since last request: 113.496814 seconds.
  path: Assets/PLAYERUNIT 1.prefab
  artifactKey: Guid(101d9b5b908bc7943ad484446a7d02d6) Importer(815301076,1909f56bfc062723c751e8b465ee728b)
Start importing Assets/PLAYERUNIT 1.prefab using Guid(101d9b5b908bc7943ad484446a7d02d6) Importer(815301076,1909f56bfc062723c751e8b465ee728b)  -> (artifact id: '2e1fa12f07cc6a822f7062113fc31067') in 0.045312 seconds
  Import took 0.049634 seconds .

========================================================================
Received Prepare
Refreshing native plugins compatible for Editor in 2.34 ms, found 1 plugins.
Preloading 0 native plugins for Editor in 0.00 ms.
Unloading 15 Unused Serialized files (Serialized files now loaded: 0)
System memory in use before: 54.1 MB.
System memory in use after: 54.1 MB.

Unloading 16 unused Assets to reduce memory usage. Loaded Objects now: 2564.
Total: 4.048300 ms (FindLiveObjects: 0.355500 ms CreateObjectMapping: 0.128000 ms MarkObjects: 3.407700 ms  DeleteObjects: 0.155400 ms)

========================================================================
Received Prepare
Registering precompiled user dll's ...
Registered in 0.002044 seconds.
Begin MonoManager ReloadAssembly
Native extension for WindowsStandalone target not found
Refreshing native plugins compatible for Editor in 0.59 ms, found 1 plugins.
Preloading 0 native plugins for Editor in 0.00 ms.
Invoked RoslynAnalysisRunner static constructor.
RoslynAnalysisRunner will not be running.
RoslynAnalysisRunner has terminated.
Mono: successfully reloaded assembly
- Completed reload, in  0.987 seconds
Platform modules already initialized, skipping
Refreshing native plugins compatible for Editor in 0.42 ms, found 1 plugins.
Preloading 0 native plugins for Editor in 0.00 ms.
Unloading 2103 Unused Serialized files (Serialized files now loaded: 0)
System memory in use before: 95.5 MB.
System memory in use after: 95.5 MB.

Unloading 17 unused Assets to reduce memory usage. Loaded Objects now: 2567.
Total: 2.308900 ms (FindLiveObjects: 0.233300 ms CreateObjectMapping: 0.089400 ms MarkObjects: 1.891900 ms  DeleteObjects: 0.093400 ms)

========================================================================
Received Prepare
Refreshing native plugins compatible for Editor in 1.87 ms, found 1 plugins.
Preloading 0 native plugins for Editor in 0.00 ms.
Unloading 15 Unused Serialized files (Serialized files now loaded: 0)
System memory in use before: 53.9 MB.
System memory in use after: 53.9 MB.

Unloading 15 unused Assets to reduce memory usage. Loaded Objects now: 2567.
Total: 2.429300 ms (FindLiveObjects: 0.198000 ms CreateObjectMapping: 0.076900 ms MarkObjects: 2.048100 ms  DeleteObjects: 0.104900 ms)

========================================================================
Received Prepare
Registering precompiled user dll's ...
Registered in 0.002645 seconds.
Begin MonoManager ReloadAssembly
Native extension for WindowsStandalone target not found
Refreshing native plugins compatible for Editor in 0.52 ms, found 1 plugins.
Preloading 0 native plugins for Editor in 0.00 ms.
Invoked RoslynAnalysisRunner static constructor.
RoslynAnalysisRunner will not be running.
RoslynAnalysisRunner has terminated.
Mono: successfully reloaded assembly
- Completed reload, in  1.200 seconds
Platform modules already initialized, skipping
Refreshing native plugins compatible for Editor in 0.87 ms, found 1 plugins.
Preloading 0 native plugins for Editor in 0.00 ms.
Unloading 2103 Unused Serialized files (Serialized files now loaded: 0)
System memory in use before: 96.0 MB.
System memory in use after: 96.0 MB.

Unloading 17 unused Assets to reduce memory usage. Loaded Objects now: 2570.
Total: 5.834400 ms (FindLiveObjects: 0.759700 ms CreateObjectMapping: 0.223400 ms MarkObjects: 4.615100 ms  DeleteObjects: 0.234100 ms)

========================================================================
Received Import Request.
  Time since last request: 89.163698 seconds.
  path: Assets/PLAYERUNIT 1.prefab
  artifactKey: Guid(101d9b5b908bc7943ad484446a7d02d6) Importer(815301076,1909f56bfc062723c751e8b465ee728b)
Start importing Assets/PLAYERUNIT 1.prefab using Guid(101d9b5b908bc7943ad484446a7d02d6) Importer(815301076,1909f56bfc062723c751e8b465ee728b)  -> (artifact id: '21851956973635ee3dc0df3d50c86e51') in 0.055662 seconds
  Import took 0.059551 seconds .

========================================================================
Received Import Request.
  Time since last request: 16.047049 seconds.
  path: Assets/PLAYERUNIT 1.prefab
  artifactKey: Guid(101d9b5b908bc7943ad484446a7d02d6) Importer(815301076,1909f56bfc062723c751e8b465ee728b)
Start importing Assets/PLAYERUNIT 1.prefab using Guid(101d9b5b908bc7943ad484446a7d02d6) Importer(815301076,1909f56bfc062723c751e8b465ee728b)  -> (artifact id: '8453175c9b38191255ea16d885703dd4') in 0.006320 seconds
  Import took 0.011197 seconds .

========================================================================
Received Import Request.
  Time since last request: 4.845934 seconds.
  path: Assets/PLAYERUNIT 1.prefab
  artifactKey: Guid(101d9b5b908bc7943ad484446a7d02d6) Importer(815301076,1909f56bfc062723c751e8b465ee728b)
Start importing Assets/PLAYERUNIT 1.prefab using Guid(101d9b5b908bc7943ad484446a7d02d6) Importer(815301076,1909f56bfc062723c751e8b465ee728b)  -> (artifact id: '7ccc5891aa130b016b6b0f7b3fb86841') in 0.005800 seconds
  Import took 0.010699 seconds .

========================================================================
Received Import Request.
  Time since last request: 4.628870 seconds.
  path: Assets/PLAYERUNIT 1.prefab
  artifactKey: Guid(101d9b5b908bc7943ad484446a7d02d6) Importer(815301076,1909f56bfc062723c751e8b465ee728b)
Start importing Assets/PLAYERUNIT 1.prefab using Guid(101d9b5b908bc7943ad484446a7d02d6) Importer(815301076,1909f56bfc062723c751e8b465ee728b)  -> (artifact id: 'fd15cd9d137d213634e68fcda119c27b') in 0.007435 seconds
  Import took 0.011847 seconds .

========================================================================
Received Prepare
Refreshing native plugins compatible for Editor in 1.92 ms, found 1 plugins.
Preloading 0 native plugins for Editor in 0.00 ms.
Unloading 15 Unused Serialized files (Serialized files now loaded: 0)
System memory in use before: 55.2 MB.
System memory in use after: 55.2 MB.

Unloading 16 unused Assets to reduce memory usage. Loaded Objects now: 2570.
Total: 2.749700 ms (FindLiveObjects: 0.278700 ms CreateObjectMapping: 0.132800 ms MarkObjects: 2.228600 ms  DeleteObjects: 0.107800 ms)

========================================================================
Received Prepare
Registering precompiled user dll's ...
Registered in 0.002529 seconds.
Begin MonoManager ReloadAssembly
Native extension for WindowsStandalone target not found
Refreshing native plugins compatible for Editor in 0.66 ms, found 1 plugins.
Preloading 0 native plugins for Editor in 0.00 ms.
Invoked RoslynAnalysisRunner static constructor.
RoslynAnalysisRunner will not be running.
RoslynAnalysisRunner has terminated.
Mono: successfully reloaded assembly
- Completed reload, in  1.194 seconds
Platform modules already initialized, skipping
Refreshing native plugins compatible for Editor in 1.73 ms, found 1 plugins.
Preloading 0 native plugins for Editor in 0.00 ms.
Unloading 2103 Unused Serialized files (Serialized files now loaded: 0)
System memory in use before: 96.5 MB.
System memory in use after: 96.5 MB.

Unloading 17 unused Assets to reduce memory usage. Loaded Objects now: 2573.
Total: 2.900700 ms (FindLiveObjects: 0.286500 ms CreateObjectMapping: 0.100800 ms MarkObjects: 2.347800 ms  DeleteObjects: 0.163100 ms)

========================================================================
Received Import Request.
  Time since last request: 95.343860 seconds.
  path: Assets/PLAYERUNIT 1.prefab
  artifactKey: Guid(101d9b5b908bc7943ad484446a7d02d6) Importer(815301076,1909f56bfc062723c751e8b465ee728b)
Start importing Assets/PLAYERUNIT 1.prefab using Guid(101d9b5b908bc7943ad484446a7d02d6) Importer(815301076,1909f56bfc062723c751e8b465ee728b)  -> (artifact id: '3207654ad29bb23192b2c65b6662424b') in 0.059626 seconds
  Import took 0.063919 seconds .

========================================================================
Received Import Request.
  Time since last request: 7.972447 seconds.
  path: Assets/PLAYERUNIT 1.prefab
  artifactKey: Guid(101d9b5b908bc7943ad484446a7d02d6) Importer(815301076,1909f56bfc062723c751e8b465ee728b)
Start importing Assets/PLAYERUNIT 1.prefab using Guid(101d9b5b908bc7943ad484446a7d02d6) Importer(815301076,1909f56bfc062723c751e8b465ee728b)  -> (artifact id: '55c17135de07c700a2cde6c6f49ece3b') in 0.005420 seconds
  Import took 0.009459 seconds .

========================================================================
Received Import Request.
  Time since last request: 6.860569 seconds.
  path: Assets/PLAYERUNIT 1.prefab
  artifactKey: Guid(101d9b5b908bc7943ad484446a7d02d6) Importer(815301076,1909f56bfc062723c751e8b465ee728b)
Start importing Assets/PLAYERUNIT 1.prefab using Guid(101d9b5b908bc7943ad484446a7d02d6) Importer(815301076,1909f56bfc062723c751e8b465ee728b)  -> (artifact id: 'caffc87a76d113d60f9e2c723e8a5c0c') in 0.007495 seconds
  Import took 0.011658 seconds .

========================================================================
Received Import Request.
  Time since last request: 1.986877 seconds.
  path: Assets/PLAYERUNIT 1.prefab
  artifactKey: Guid(101d9b5b908bc7943ad484446a7d02d6) Importer(815301076,1909f56bfc062723c751e8b465ee728b)
Start importing Assets/PLAYERUNIT 1.prefab using Guid(101d9b5b908bc7943ad484446a7d02d6) Importer(815301076,1909f56bfc062723c751e8b465ee728b)  -> (artifact id: '309d921197a7cf78e42a7b73bed4e933') in 0.006838 seconds
  Import took 0.011247 seconds .

========================================================================
Received Import Request.
  Time since last request: 11.509097 seconds.
  path: Assets/PLAYERUNIT 1.prefab
  artifactKey: Guid(101d9b5b908bc7943ad484446a7d02d6) Importer(815301076,1909f56bfc062723c751e8b465ee728b)
Start importing Assets/PLAYERUNIT 1.prefab using Guid(101d9b5b908bc7943ad484446a7d02d6) Importer(815301076,1909f56bfc062723c751e8b465ee728b)  -> (artifact id: 'ed99a3b57b392f5db4b19981b584c4c6') in 0.005893 seconds
  Import took 0.010572 seconds .

========================================================================
Received Import Request.
  Time since last request: 4.250532 seconds.
  path: Assets/PLAYERUNIT 1.prefab
  artifactKey: Guid(101d9b5b908bc7943ad484446a7d02d6) Importer(815301076,1909f56bfc062723c751e8b465ee728b)
Start importing Assets/PLAYERUNIT 1.prefab using Guid(101d9b5b908bc7943ad484446a7d02d6) Importer(815301076,1909f56bfc062723c751e8b465ee728b)  -> (artifact id: '976b0d7152e7722242f331bfa08c6754') in 0.007503 seconds
  Import took 0.011988 seconds .

========================================================================
Received Prepare
Refreshing native plugins compatible for Editor in 2.23 ms, found 1 plugins.
Preloading 0 native plugins for Editor in 0.00 ms.
Unloading 15 Unused Serialized files (Serialized files now loaded: 0)
System memory in use before: 55.4 MB.
System memory in use after: 55.5 MB.

Unloading 16 unused Assets to reduce memory usage. Loaded Objects now: 2573.
Total: 2.321100 ms (FindLiveObjects: 0.200100 ms CreateObjectMapping: 0.075500 ms MarkObjects: 1.946100 ms  DeleteObjects: 0.098200 ms)

========================================================================
Received Prepare
Registering precompiled user dll's ...
Registered in 0.001702 seconds.
Begin MonoManager ReloadAssembly
Native extension for WindowsStandalone target not found
Refreshing native plugins compatible for Editor in 0.41 ms, found 1 plugins.
Preloading 0 native plugins for Editor in 0.00 ms.
Invoked RoslynAnalysisRunner static constructor.
RoslynAnalysisRunner will not be running.
RoslynAnalysisRunner has terminated.
Mono: successfully reloaded assembly
- Completed reload, in  1.001 seconds
Platform modules already initialized, skipping
Refreshing native plugins compatible for Editor in 0.50 ms, found 1 plugins.
Preloading 0 native plugins for Editor in 0.00 ms.
Unloading 2103 Unused Serialized files (Serialized files now loaded: 0)
System memory in use before: 96.0 MB.
System memory in use after: 96.0 MB.

Unloading 17 unused Assets to reduce memory usage. Loaded Objects now: 2576.
Total: 2.264600 ms (FindLiveObjects: 0.225200 ms CreateObjectMapping: 0.096300 ms MarkObjects: 1.844600 ms  DeleteObjects: 0.097600 ms)

========================================================================
Received Import Request.
  Time since last request: 51.156447 seconds.
  path: Assets/PLAYERUNIT 1.prefab
  artifactKey: Guid(101d9b5b908bc7943ad484446a7d02d6) Importer(815301076,1909f56bfc062723c751e8b465ee728b)
Start importing Assets/PLAYERUNIT 1.prefab using Guid(101d9b5b908bc7943ad484446a7d02d6) Importer(815301076,1909f56bfc062723c751e8b465ee728b)  -> (artifact id: '213737ce0da6552cc3dea25fa893d013') in 0.049649 seconds
  Import took 0.053759 seconds .

========================================================================
Received Import Request.
  Time since last request: 2.120456 seconds.
  path: Assets/PLAYERUNIT 1.prefab
  artifactKey: Guid(101d9b5b908bc7943ad484446a7d02d6) Importer(815301076,1909f56bfc062723c751e8b465ee728b)
Start importing Assets/PLAYERUNIT 1.prefab using Guid(101d9b5b908bc7943ad484446a7d02d6) Importer(815301076,1909f56bfc062723c751e8b465ee728b)  -> (artifact id: '148e4c24f8faba7f9c330847b57ab812') in 0.006926 seconds
  Import took 0.011118 seconds .

========================================================================
Received Prepare
Refreshing native plugins compatible for Editor in 2.09 ms, found 1 plugins.
Preloading 0 native plugins for Editor in 0.00 ms.
Unloading 15 Unused Serialized files (Serialized files now loaded: 0)
System memory in use before: 55.2 MB.
System memory in use after: 55.2 MB.

Unloading 16 unused Assets to reduce memory usage. Loaded Objects now: 2576.
Total: 2.340300 ms (FindLiveObjects: 0.186300 ms CreateObjectMapping: 0.080300 ms MarkObjects: 1.963900 ms  DeleteObjects: 0.108800 ms)

========================================================================
Received Prepare
Registering precompiled user dll's ...
Registered in 0.003028 seconds.
Begin MonoManager ReloadAssembly
Native extension for WindowsStandalone target not found
Refreshing native plugins compatible for Editor in 0.72 ms, found 1 plugins.
Preloading 0 native plugins for Editor in 0.00 ms.
Invoked RoslynAnalysisRunner static constructor.
RoslynAnalysisRunner will not be running.
RoslynAnalysisRunner has terminated.
Mono: successfully reloaded assembly
- Completed reload, in  1.219 seconds
Platform modules already initialized, skipping
Refreshing native plugins compatible for Editor in 0.63 ms, found 1 plugins.
Preloading 0 native plugins for Editor in 0.00 ms.
Unloading 2103 Unused Serialized files (Serialized files now loaded: 0)
System memory in use before: 96.5 MB.
System memory in use after: 96.5 MB.

Unloading 17 unused Assets to reduce memory usage. Loaded Objects now: 2579.
Total: 4.180100 ms (FindLiveObjects: 0.607000 ms CreateObjectMapping: 0.231800 ms MarkObjects: 3.180600 ms  DeleteObjects: 0.157600 ms)

========================================================================
Received Import Request.
  Time since last request: 941.474445 seconds.
  path: Assets/Scenes/EndScene.unity
  artifactKey: Guid(bd43ec3479574d24897b26709d8d77ad) Importer(815301076,1909f56bfc062723c751e8b465ee728b)
Start importing Assets/Scenes/EndScene.unity using Guid(bd43ec3479574d24897b26709d8d77ad) Importer(815301076,1909f56bfc062723c751e8b465ee728b)  -> (artifact id: 'b4292bc0afd391b91202e3397073ed1f') in 0.021030 seconds
  Import took 0.026895 seconds .

========================================================================
Received Import Request.
  Time since last request: 0.002870 seconds.
  path: Assets/Scenes/EndScene.unity
  artifactKey: Guid(bd43ec3479574d24897b26709d8d77ad) Importer(815301076,1909f56bfc062723c751e8b465ee728b)
Start importing Assets/Scenes/EndScene.unity using Guid(bd43ec3479574d24897b26709d8d77ad) Importer(815301076,1909f56bfc062723c751e8b465ee728b)  -> (artifact id: 'b4292bc0afd391b91202e3397073ed1f') in 0.002716 seconds
  Import took 0.009997 seconds .

========================================================================
Received Prepare
Registering precompiled user dll's ...
Registered in 0.002245 seconds.
Begin MonoManager ReloadAssembly
Native extension for WindowsStandalone target not found
Refreshing native plugins compatible for Editor in 0.69 ms, found 1 plugins.
Preloading 0 native plugins for Editor in 0.00 ms.
Invoked RoslynAnalysisRunner static constructor.
RoslynAnalysisRunner will not be running.
RoslynAnalysisRunner has terminated.
Mono: successfully reloaded assembly
- Completed reload, in  1.283 seconds
Platform modules already initialized, skipping
Refreshing native plugins compatible for Editor in 0.57 ms, found 1 plugins.
Preloading 0 native plugins for Editor in 0.00 ms.
Unloading 2103 Unused Serialized files (Serialized files now loaded: 0)
System memory in use before: 96.5 MB.
System memory in use after: 96.6 MB.

Unloading 17 unused Assets to reduce memory usage. Loaded Objects now: 2582.
Total: 2.393100 ms (FindLiveObjects: 0.223500 ms CreateObjectMapping: 0.099300 ms MarkObjects: 1.953600 ms  DeleteObjects: 0.114300 ms)

========================================================================
Received Prepare
Refreshing native plugins compatible for Editor in 2.59 ms, found 1 plugins.
Preloading 0 native plugins for Editor in 0.00 ms.
Unloading 15 Unused Serialized files (Serialized files now loaded: 0)
System memory in use before: 54.4 MB.
System memory in use after: 54.4 MB.

Unloading 15 unused Assets to reduce memory usage. Loaded Objects now: 2582.
Total: 2.664000 ms (FindLiveObjects: 0.389400 ms CreateObjectMapping: 0.137000 ms MarkObjects: 2.018000 ms  DeleteObjects: 0.117600 ms)

========================================================================
Received Prepare
Registering precompiled user dll's ...
Registered in 0.001898 seconds.
Begin MonoManager ReloadAssembly
Native extension for WindowsStandalone target not found
Refreshing native plugins compatible for Editor in 0.59 ms, found 1 plugins.
Preloading 0 native plugins for Editor in 0.00 ms.
Invoked RoslynAnalysisRunner static constructor.
RoslynAnalysisRunner will not be running.
RoslynAnalysisRunner has terminated.
Mono: successfully reloaded assembly
- Completed reload, in  1.172 seconds
Platform modules already initialized, skipping
Refreshing native plugins compatible for Editor in 0.82 ms, found 1 plugins.
Preloading 0 native plugins for Editor in 0.00 ms.
Unloading 2103 Unused Serialized files (Serialized files now loaded: 0)
System memory in use before: 96.2 MB.
System memory in use after: 96.2 MB.

Unloading 17 unused Assets to reduce memory usage. Loaded Objects now: 2585.
Total: 4.978200 ms (FindLiveObjects: 0.639000 ms CreateObjectMapping: 0.240800 ms MarkObjects: 3.877700 ms  DeleteObjects: 0.218400 ms)

========================================================================
Received Prepare
Registering precompiled user dll's ...
Registered in 0.002129 seconds.
Begin MonoManager ReloadAssembly
Native extension for WindowsStandalone target not found
Refreshing native plugins compatible for Editor in 0.50 ms, found 1 plugins.
Preloading 0 native plugins for Editor in 0.00 ms.
Invoked RoslynAnalysisRunner static constructor.
RoslynAnalysisRunner will not be running.
RoslynAnalysisRunner has terminated.
Mono: successfully reloaded assembly
- Completed reload, in  1.204 seconds
Platform modules already initialized, skipping
Refreshing native plugins compatible for Editor in 0.50 ms, found 1 plugins.
Preloading 0 native plugins for Editor in 0.00 ms.
Unloading 2103 Unused Serialized files (Serialized files now loaded: 0)
System memory in use before: 96.5 MB.
System memory in use after: 96.5 MB.

Unloading 17 unused Assets to reduce memory usage. Loaded Objects now: 2588.
Total: 3.090100 ms (FindLiveObjects: 0.393000 ms CreateObjectMapping: 0.386500 ms MarkObjects: 2.186700 ms  DeleteObjects: 0.122400 ms)

========================================================================
Received Prepare
Refreshing native plugins compatible for Editor in 2.39 ms, found 1 plugins.
Preloading 0 native plugins for Editor in 0.00 ms.
Unloading 15 Unused Serialized files (Serialized files now loaded: 0)
System memory in use before: 55.0 MB.
System memory in use after: 55.0 MB.

Unloading 15 unused Assets to reduce memory usage. Loaded Objects now: 2588.
Total: 2.506500 ms (FindLiveObjects: 0.257200 ms CreateObjectMapping: 0.099100 ms MarkObjects: 2.020200 ms  DeleteObjects: 0.126700 ms)

========================================================================
Received Prepare
Registering precompiled user dll's ...
Registered in 0.003376 seconds.
Begin MonoManager ReloadAssembly
Native extension for WindowsStandalone target not found
Refreshing native plugins compatible for Editor in 0.46 ms, found 1 plugins.
Preloading 0 native plugins for Editor in 0.00 ms.
Invoked RoslynAnalysisRunner static constructor.
RoslynAnalysisRunner will not be running.
RoslynAnalysisRunner has terminated.
Mono: successfully reloaded assembly
- Completed reload, in  1.102 seconds
Platform modules already initialized, skipping
Refreshing native plugins compatible for Editor in 0.76 ms, found 1 plugins.
Preloading 0 native plugins for Editor in 0.00 ms.
Unloading 2103 Unused Serialized files (Serialized files now loaded: 0)
System memory in use before: 96.0 MB.
System memory in use after: 96.0 MB.

Unloading 17 unused Assets to reduce memory usage. Loaded Objects now: 2591.
Total: 6.648500 ms (FindLiveObjects: 0.482300 ms CreateObjectMapping: 0.474300 ms MarkObjects: 5.420000 ms  DeleteObjects: 0.270100 ms)

========================================================================
Received Prepare
Registering precompiled user dll's ...
Registered in 0.002106 seconds.
Begin MonoManager ReloadAssembly
Native extension for WindowsStandalone target not found
Refreshing native plugins compatible for Editor in 0.75 ms, found 1 plugins.
Preloading 0 native plugins for Editor in 0.00 ms.
Invoked RoslynAnalysisRunner static constructor.
RoslynAnalysisRunner will not be running.
RoslynAnalysisRunner has terminated.
Mono: successfully reloaded assembly
- Completed reload, in  1.055 seconds
Platform modules already initialized, skipping
Refreshing native plugins compatible for Editor in 0.64 ms, found 1 plugins.
Preloading 0 native plugins for Editor in 0.00 ms.
Unloading 2103 Unused Serialized files (Serialized files now loaded: 0)
System memory in use before: 96.2 MB.
System memory in use after: 96.2 MB.

Unloading 17 unused Assets to reduce memory usage. Loaded Objects now: 2594.
Total: 2.699500 ms (FindLiveObjects: 0.307100 ms CreateObjectMapping: 0.085600 ms MarkObjects: 2.153500 ms  DeleteObjects: 0.151400 ms)

========================================================================
Received Prepare
Refreshing native plugins compatible for Editor in 2.02 ms, found 1 plugins.
Preloading 0 native plugins for Editor in 0.00 ms.
Unloading 15 Unused Serialized files (Serialized files now loaded: 0)
System memory in use before: 54.9 MB.
System memory in use after: 54.9 MB.

Unloading 15 unused Assets to reduce memory usage. Loaded Objects now: 2594.
Total: 2.838300 ms (FindLiveObjects: 0.321900 ms CreateObjectMapping: 0.313800 ms MarkObjects: 2.034400 ms  DeleteObjects: 0.166700 ms)

========================================================================
Received Prepare
Registering precompiled user dll's ...
Registered in 0.002632 seconds.
Begin MonoManager ReloadAssembly
Native extension for WindowsStandalone target not found
Refreshing native plugins compatible for Editor in 0.54 ms, found 1 plugins.
Preloading 0 native plugins for Editor in 0.00 ms.
Invoked RoslynAnalysisRunner static constructor.
RoslynAnalysisRunner will not be running.
RoslynAnalysisRunner has terminated.
Mono: successfully reloaded assembly
- Completed reload, in  1.268 seconds
Platform modules already initialized, skipping
Refreshing native plugins compatible for Editor in 0.80 ms, found 1 plugins.
Preloading 0 native plugins for Editor in 0.00 ms.
Unloading 2103 Unused Serialized files (Serialized files now loaded: 0)
System memory in use before: 96.6 MB.
System memory in use after: 96.6 MB.

Unloading 17 unused Assets to reduce memory usage. Loaded Objects now: 2597.
Total: 3.931200 ms (FindLiveObjects: 0.559500 ms CreateObjectMapping: 0.244400 ms MarkObjects: 2.956300 ms  DeleteObjects: 0.169000 ms)

========================================================================
Received Prepare
Registering precompiled user dll's ...
Registered in 0.002489 seconds.
Begin MonoManager ReloadAssembly
Native extension for WindowsStandalone target not found
Refreshing native plugins compatible for Editor in 0.45 ms, found 1 plugins.
Preloading 0 native plugins for Editor in 0.00 ms.
Invoked RoslynAnalysisRunner static constructor.
RoslynAnalysisRunner will not be running.
RoslynAnalysisRunner has terminated.
Mono: successfully reloaded assembly
- Completed reload, in  1.197 seconds
Platform modules already initialized, skipping
Refreshing native plugins compatible for Editor in 0.50 ms, found 1 plugins.
Preloading 0 native plugins for Editor in 0.00 ms.
Unloading 2103 Unused Serialized files (Serialized files now loaded: 0)
System memory in use before: 96.0 MB.
System memory in use after: 96.0 MB.

Unloading 17 unused Assets to reduce memory usage. Loaded Objects now: 2600.
Total: 4.000000 ms (FindLiveObjects: 0.323200 ms CreateObjectMapping: 0.194300 ms MarkObjects: 3.359000 ms  DeleteObjects: 0.121500 ms)

========================================================================
Received Prepare
Refreshing native plugins compatible for Editor in 2.06 ms, found 1 plugins.
Preloading 0 native plugins for Editor in 0.00 ms.
Unloading 15 Unused Serialized files (Serialized files now loaded: 0)
System memory in use before: 54.7 MB.
System memory in use after: 54.7 MB.

Unloading 15 unused Assets to reduce memory usage. Loaded Objects now: 2600.
Total: 3.333200 ms (FindLiveObjects: 0.632900 ms CreateObjectMapping: 0.171500 ms MarkObjects: 2.352200 ms  DeleteObjects: 0.169600 ms)

========================================================================
Received Prepare
Registering precompiled user dll's ...
Registered in 0.002120 seconds.
Begin MonoManager ReloadAssembly
Native extension for WindowsStandalone target not found
Refreshing native plugins compatible for Editor in 0.47 ms, found 1 plugins.
Preloading 0 native plugins for Editor in 0.00 ms.
Invoked RoslynAnalysisRunner static constructor.
RoslynAnalysisRunner will not be running.
RoslynAnalysisRunner has terminated.
Mono: successfully reloaded assembly
- Completed reload, in  1.063 seconds
Platform modules already initialized, skipping
Refreshing native plugins compatible for Editor in 0.52 ms, found 1 plugins.
Preloading 0 native plugins for Editor in 0.00 ms.
Unloading 2103 Unused Serialized files (Serialized files now loaded: 0)
System memory in use before: 96.5 MB.
System memory in use after: 96.5 MB.

Unloading 17 unused Assets to reduce memory usage. Loaded Objects now: 2603.
Total: 3.919100 ms (FindLiveObjects: 0.288800 ms CreateObjectMapping: 0.105200 ms MarkObjects: 3.372500 ms  DeleteObjects: 0.151100 ms)

========================================================================
Received Prepare
Registering precompiled user dll's ...
Registered in 0.002515 seconds.
Begin MonoManager ReloadAssembly
Native extension for WindowsStandalone target not found
Refreshing native plugins compatible for Editor in 0.45 ms, found 1 plugins.
Preloading 0 native plugins for Editor in 0.00 ms.
Invoked RoslynAnalysisRunner static constructor.
RoslynAnalysisRunner will not be running.
RoslynAnalysisRunner has terminated.
Mono: successfully reloaded assembly
- Completed reload, in  1.194 seconds
Platform modules already initialized, skipping
Refreshing native plugins compatible for Editor in 0.59 ms, found 1 plugins.
Preloading 0 native plugins for Editor in 0.00 ms.
Unloading 2103 Unused Serialized files (Serialized files now loaded: 0)
System memory in use before: 96.6 MB.
System memory in use after: 96.6 MB.

Unloading 17 unused Assets to reduce memory usage. Loaded Objects now: 2606.
Total: 3.224600 ms (FindLiveObjects: 0.445300 ms CreateObjectMapping: 0.107200 ms MarkObjects: 2.510800 ms  DeleteObjects: 0.159700 ms)

========================================================================
Received Prepare
Registering precompiled user dll's ...
Registered in 0.003197 seconds.
Begin MonoManager ReloadAssembly
Native extension for WindowsStandalone target not found
Refreshing native plugins compatible for Editor in 0.90 ms, found 1 plugins.
Preloading 0 native plugins for Editor in 0.00 ms.
Invoked RoslynAnalysisRunner static constructor.
RoslynAnalysisRunner will not be running.
RoslynAnalysisRunner has terminated.
Mono: successfully reloaded assembly
- Completed reload, in  1.177 seconds
Platform modules already initialized, skipping
Refreshing native plugins compatible for Editor in 0.63 ms, found 1 plugins.
Preloading 0 native plugins for Editor in 0.00 ms.
Unloading 2103 Unused Serialized files (Serialized files now loaded: 0)
System memory in use before: 96.0 MB.
System memory in use after: 96.0 MB.

Unloading 17 unused Assets to reduce memory usage. Loaded Objects now: 2609.
Total: 4.244900 ms (FindLiveObjects: 0.622800 ms CreateObjectMapping: 0.238800 ms MarkObjects: 3.241800 ms  DeleteObjects: 0.140100 ms)

========================================================================
Received Prepare
Refreshing native plugins compatible for Editor in 2.51 ms, found 1 plugins.
Preloading 0 native plugins for Editor in 0.00 ms.
Unloading 15 Unused Serialized files (Serialized files now loaded: 0)
System memory in use before: 54.7 MB.
System memory in use after: 54.7 MB.

Unloading 15 unused Assets to reduce memory usage. Loaded Objects now: 2609.
Total: 2.213200 ms (FindLiveObjects: 0.206200 ms CreateObjectMapping: 0.065200 ms MarkObjects: 1.805000 ms  DeleteObjects: 0.134700 ms)

AssetImportWorkerClient::OnTransportError - code=2 error=End of file
