Using pre-set license
Built from '2020.2/release' branch; Version is '2020.2.2f1 (068178b99f32) revision 426360'; Using compiler version '192528614'; Build Type 'Release'
OS: 'Windows 10 Pro; OS build 19041.867; Version 2004; 64bit' Language: 'en' Physical Memory: 8112 MB
BatchMode: 1, IsHumanControllingUs: 0, StartBugReporterOnCrash: 0, Is64bit: 1, IsPro: 0

 COMMAND LINE ARGUMENTS:
C:\Program Files\Unity\Editor\Unity.exe
-adb2
-batchMode
-noUpm
-name
AssetImportWorker0
-projectPath
D:/ANUL 3/Semestrul II/Game-Design/Quiz Game
-logFile
Logs/AssetImportWorker0.log
-srvPort
50752
Successfully changed project path to: D:/ANUL 3/Semestrul II/Game-Design/Quiz Game
D:/ANUL 3/Semestrul II/Game-Design/Quiz Game
Using Asset Import Pipeline V2.
Refreshing native plugins compatible for Editor in 57.01 ms, found 1 plugins.
Preloading 0 native plugins for Editor in 0.00 ms.
Initialize engine version: 2020.2.2f1 (068178b99f32)
[Subsystems] Discovering subsystems at path C:/Program Files/Unity/Editor/Data/Resources/UnitySubsystems
[Subsystems] Discovering subsystems at path D:/ANUL 3/Semestrul II/Game-Design/Quiz Game/Assets
GfxDevice: creating device client; threaded=0
Direct3D:
    Version:  Direct3D 11.0 [level 11.1]
    Renderer: NVIDIA GeForce GTX 1650 (ID=0x1f91)
    Vendor:   
    VRAM:     3962 MB
    Driver:   27.21.14.6192
Initialize mono
Mono path[0] = 'C:/Program Files/Unity/Editor/Data/Managed'
Mono path[1] = 'C:/Program Files/Unity/Editor/Data/MonoBleedingEdge/lib/mono/unityjit'
Mono config path = 'C:/Program Files/Unity/Editor/Data/MonoBleedingEdge/etc'
Using monoOptions --debugger-agent=transport=dt_socket,embedding=1,server=y,suspend=n,address=127.0.0.1:56324
Begin MonoManager ReloadAssembly
Registering precompiled unity dll's ...
Register platform support module: C:/Program Files/Unity/Editor/Data/PlaybackEngines/WindowsStandaloneSupport/UnityEditor.WindowsStandalone.Extensions.dll
Registered in 0.001983 seconds.
Native extension for WindowsStandalone target not found
Refreshing native plugins compatible for Editor in 44.76 ms, found 1 plugins.
Preloading 0 native plugins for Editor in 0.00 ms.
Invoked RoslynAnalysisRunner static constructor.
RoslynAnalysisRunner will not be running.
RoslynAnalysisRunner has terminated.
Mono: successfully reloaded assembly
- Completed reload, in  1.145 seconds
Platform modules already initialized, skipping
Registering precompiled user dll's ...
Registered in 0.001884 seconds.
Begin MonoManager ReloadAssembly
Native extension for WindowsStandalone target not found
Refreshing native plugins compatible for Editor in 53.11 ms, found 1 plugins.
Preloading 0 native plugins for Editor in 0.00 ms.
Invoked RoslynAnalysisRunner static constructor.
RoslynAnalysisRunner will not be running.
RoslynAnalysisRunner has terminated.
Find all reader and writers took 129 milliseconds
Script Module: UnityEngine.UI.dll
Weave behaviours and messages took122 milliseconds
Find all reader and writers took 100 milliseconds
Script Module: UnityEngine.TestRunner.dll
Weave behaviours and messages took33 milliseconds
Find all reader and writers took 88 milliseconds
Script Module: Unity.Mathematics.dll
Weave behaviours and messages took193 milliseconds
Find all reader and writers took 70 milliseconds
Script Module: Unity.2D.Animation.Triangle.Runtime.dll
Weave behaviours and messages took35 milliseconds
Find all reader and writers took 69 milliseconds
Script Module: Assembly-CSharp.dll
Weave behaviours and messages took19 milliseconds
Find all reader and writers took 70 milliseconds
Script Module: SimpleWebTransport.dll
Weave behaviours and messages took13 milliseconds
Find all reader and writers took 74 milliseconds
Script Module: Unity.Timeline.dll
Weave behaviours and messages took29 milliseconds
Find all reader and writers took 81 milliseconds
Script Module: Unity.TextMeshPro.dll
Weave behaviours and messages took80 milliseconds
Find all reader and writers took 83 milliseconds
Script Module: Unity.2D.Animation.Runtime.dll
Weave behaviours and messages took6 milliseconds
Find all reader and writers took 87 milliseconds
Script Module: Unity.2D.IK.Runtime.dll
Weave behaviours and messages took3 milliseconds
Find all reader and writers took 84 milliseconds
Script Module: Unity.2D.SpriteShape.Runtime.dll
Weave behaviours and messages took31 milliseconds
Find all reader and writers took 72 milliseconds
Script Module: Telepathy.dll
Weave behaviours and messages took2 milliseconds
Find all reader and writers took 73 milliseconds
Script Module: kcp2k.dll
Weave behaviours and messages took3 milliseconds
Find all reader and writers took 72 milliseconds
Script Module: Unity.2D.PixelPerfect.dll
Weave behaviours and messages took3 milliseconds
Find all reader and writers took 71 milliseconds
Script Module: Mirror.Examples.Cloud.GUI.dll
Weave behaviours and messages took4 milliseconds
Find all reader and writers took 75 milliseconds
Script Module: Mirror.Cloud.dll
Weave behaviours and messages took2 milliseconds
Find all reader and writers took 70 milliseconds
Script Module: Unity.2D.Common.Runtime.dll
Weave behaviours and messages took0 milliseconds
Find all reader and writers took 70 milliseconds
Script Module: Unity.InternalAPIEngineBridge.001.dll
Weave behaviours and messages took0 milliseconds
Find all reader and writers took 101 milliseconds
Script Module: UnityEditor.TestRunner.dll
Weave behaviours and messages took40 milliseconds
Find all reader and writers took 106 milliseconds
Script Module: UnityEditor.UI.dll
Weave behaviours and messages took13 milliseconds
Find all reader and writers took 88 milliseconds
Script Module: PsdPlugin.dll
Weave behaviours and messages took18 milliseconds
Find all reader and writers took 72 milliseconds
Script Module: Mirror.CompilerSymbols.dll
Weave behaviours and messages took0 milliseconds
Find all reader and writers took 96 milliseconds
Script Module: Unity.InternalAPIEditorBridge.001.dll
Weave behaviours and messages took1 milliseconds
Mono: successfully reloaded assembly
- Completed reload, in  7.368 seconds
Platform modules already initialized, skipping
========================================================================
Worker process is ready to serve import requests
Launched and connected shader compiler UnityShaderCompiler.exe after 0.06 seconds
Refreshing native plugins compatible for Editor in 0.46 ms, found 1 plugins.
Preloading 0 native plugins for Editor in 0.00 ms.
Unloading 2120 Unused Serialized files (Serialized files now loaded: 0)
System memory in use before: 95.4 MB.
System memory in use after: 95.3 MB.

Unloading 29 unused Assets to reduce memory usage. Loaded Objects now: 2557.
Total: 3.460800 ms (FindLiveObjects: 0.200200 ms CreateObjectMapping: 0.084000 ms MarkObjects: 3.004000 ms  DeleteObjects: 0.171300 ms)

========================================================================
Received Prepare
Registering precompiled user dll's ...
Registered in 0.002260 seconds.
Begin MonoManager ReloadAssembly
Native extension for WindowsStandalone target not found
Refreshing native plugins compatible for Editor in 0.46 ms, found 1 plugins.
Preloading 0 native plugins for Editor in 0.00 ms.
Invoked RoslynAnalysisRunner static constructor.
RoslynAnalysisRunner will not be running.
RoslynAnalysisRunner has terminated.
Mono: successfully reloaded assembly
- Completed reload, in  0.959 seconds
Platform modules already initialized, skipping
Refreshing native plugins compatible for Editor in 0.49 ms, found 1 plugins.
Preloading 0 native plugins for Editor in 0.00 ms.
Unloading 2102 Unused Serialized files (Serialized files now loaded: 0)
System memory in use before: 94.5 MB.
System memory in use after: 94.5 MB.

Unloading 17 unused Assets to reduce memory usage. Loaded Objects now: 2560.
Total: 2.969300 ms (FindLiveObjects: 0.449600 ms CreateObjectMapping: 0.096700 ms MarkObjects: 2.263200 ms  DeleteObjects: 0.157500 ms)

========================================================================
Received Prepare
Registering precompiled user dll's ...
Registered in 0.002398 seconds.
Begin MonoManager ReloadAssembly
Native extension for WindowsStandalone target not found
Refreshing native plugins compatible for Editor in 0.48 ms, found 1 plugins.
Preloading 0 native plugins for Editor in 0.00 ms.
Invoked RoslynAnalysisRunner static constructor.
RoslynAnalysisRunner will not be running.
RoslynAnalysisRunner has terminated.
Mono: successfully reloaded assembly
- Completed reload, in  0.999 seconds
Platform modules already initialized, skipping
Refreshing native plugins compatible for Editor in 0.58 ms, found 1 plugins.
Preloading 0 native plugins for Editor in 0.00 ms.
Unloading 2102 Unused Serialized files (Serialized files now loaded: 0)
System memory in use before: 94.6 MB.
System memory in use after: 94.7 MB.

Unloading 17 unused Assets to reduce memory usage. Loaded Objects now: 2563.
Total: 2.918300 ms (FindLiveObjects: 0.695700 ms CreateObjectMapping: 0.189900 ms MarkObjects: 1.886900 ms  DeleteObjects: 0.142100 ms)

========================================================================
Received Import Request.
  path: Assets/Scenes/PlayerObject.prefab
  artifactKey: Guid(c8b16578f640c4e44adcb4a101e4b95c) Importer(815301076,1909f56bfc062723c751e8b465ee728b)
Start importing Assets/Scenes/PlayerObject.prefab using Guid(c8b16578f640c4e44adcb4a101e4b95c) Importer(815301076,1909f56bfc062723c751e8b465ee728b)  -> (artifact id: 'ca20cb5f93b65c015790e71ff3582778') in 0.054946 seconds
  Import took 0.059459 seconds .

========================================================================
Received Import Request.
  Time since last request: 0.008541 seconds.
  path: Assets/Scenes/PlayerObject.prefab
  artifactKey: Guid(c8b16578f640c4e44adcb4a101e4b95c) Importer(815301076,1909f56bfc062723c751e8b465ee728b)
Start importing Assets/Scenes/PlayerObject.prefab using Guid(c8b16578f640c4e44adcb4a101e4b95c) Importer(815301076,1909f56bfc062723c751e8b465ee728b)  -> (artifact id: 'ca20cb5f93b65c015790e71ff3582778') in 0.003068 seconds
  Import took 0.007265 seconds .

========================================================================
Received Import Request.
  Time since last request: 39.739386 seconds.
  path: Assets/PlayerObject.prefab
  artifactKey: Guid(cb90226b924ac994a9360213d1ef62d8) Importer(815301076,1909f56bfc062723c751e8b465ee728b)
Start importing Assets/PlayerObject.prefab using Guid(cb90226b924ac994a9360213d1ef62d8) Importer(815301076,1909f56bfc062723c751e8b465ee728b)  -> (artifact id: '1c12506f86fd273e928337e91c24deb8') in 0.003223 seconds
  Import took 0.007153 seconds .

========================================================================
Received Import Request.
  Time since last request: 0.004541 seconds.
  path: Assets/PlayerObject.prefab
  artifactKey: Guid(cb90226b924ac994a9360213d1ef62d8) Importer(815301076,1909f56bfc062723c751e8b465ee728b)
Start importing Assets/PlayerObject.prefab using Guid(cb90226b924ac994a9360213d1ef62d8) Importer(815301076,1909f56bfc062723c751e8b465ee728b)  -> (artifact id: '1c12506f86fd273e928337e91c24deb8') in 0.003685 seconds
  Import took 0.008386 seconds .

========================================================================
Received Import Request.
  Time since last request: 136.386667 seconds.
  path: Assets/PlayerObject.prefab
  artifactKey: Guid(cb90226b924ac994a9360213d1ef62d8) Importer(815301076,1909f56bfc062723c751e8b465ee728b)
Start importing Assets/PlayerObject.prefab using Guid(cb90226b924ac994a9360213d1ef62d8) Importer(815301076,1909f56bfc062723c751e8b465ee728b)  -> (artifact id: 'b76f97efdec880db92cf36934ea6e07e') in 0.003670 seconds
  Import took 0.009396 seconds .

========================================================================
Received Import Request.
  Time since last request: 0.003078 seconds.
  path: Assets/PlayerObject.prefab
  artifactKey: Guid(cb90226b924ac994a9360213d1ef62d8) Importer(815301076,1909f56bfc062723c751e8b465ee728b)
Start importing Assets/PlayerObject.prefab using Guid(cb90226b924ac994a9360213d1ef62d8) Importer(815301076,1909f56bfc062723c751e8b465ee728b)  -> (artifact id: 'b76f97efdec880db92cf36934ea6e07e') in 0.003377 seconds
  Import took 0.007307 seconds .

========================================================================
Received Prepare
Registering precompiled user dll's ...
Registered in 0.003093 seconds.
Begin MonoManager ReloadAssembly
Native extension for WindowsStandalone target not found
Refreshing native plugins compatible for Editor in 0.42 ms, found 1 plugins.
Preloading 0 native plugins for Editor in 0.00 ms.
Invoked RoslynAnalysisRunner static constructor.
RoslynAnalysisRunner will not be running.
RoslynAnalysisRunner has terminated.
Mono: successfully reloaded assembly
- Completed reload, in  1.045 seconds
Platform modules already initialized, skipping
Refreshing native plugins compatible for Editor in 0.86 ms, found 1 plugins.
Preloading 0 native plugins for Editor in 0.00 ms.
Unloading 2102 Unused Serialized files (Serialized files now loaded: 0)
System memory in use before: 94.8 MB.
System memory in use after: 94.8 MB.

Unloading 17 unused Assets to reduce memory usage. Loaded Objects now: 2566.
Total: 2.635200 ms (FindLiveObjects: 0.322700 ms CreateObjectMapping: 0.110500 ms MarkObjects: 2.034900 ms  DeleteObjects: 0.165800 ms)

========================================================================
Received Prepare
Registering precompiled user dll's ...
Registered in 0.002949 seconds.
Begin MonoManager ReloadAssembly
Native extension for WindowsStandalone target not found
Refreshing native plugins compatible for Editor in 0.50 ms, found 1 plugins.
Preloading 0 native plugins for Editor in 0.00 ms.
Invoked RoslynAnalysisRunner static constructor.
RoslynAnalysisRunner will not be running.
RoslynAnalysisRunner has terminated.
Mono: successfully reloaded assembly
- Completed reload, in  1.061 seconds
Platform modules already initialized, skipping
Refreshing native plugins compatible for Editor in 0.50 ms, found 1 plugins.
Preloading 0 native plugins for Editor in 0.00 ms.
Unloading 2102 Unused Serialized files (Serialized files now loaded: 0)
System memory in use before: 95.0 MB.
System memory in use after: 95.0 MB.

Unloading 17 unused Assets to reduce memory usage. Loaded Objects now: 2569.
Total: 2.731400 ms (FindLiveObjects: 0.328900 ms CreateObjectMapping: 0.156300 ms MarkObjects: 2.129200 ms  DeleteObjects: 0.115700 ms)

========================================================================
Received Import Request.
  Time since last request: 190.528253 seconds.
  path: Assets/PlayerObject.prefab
  artifactKey: Guid(cb90226b924ac994a9360213d1ef62d8) Importer(815301076,1909f56bfc062723c751e8b465ee728b)
Start importing Assets/PlayerObject.prefab using Guid(cb90226b924ac994a9360213d1ef62d8) Importer(815301076,1909f56bfc062723c751e8b465ee728b)  -> (artifact id: 'f6aa9efb40fc08364ec9ffa82ad793a6') in 0.036630 seconds
  Import took 0.041004 seconds .

========================================================================
Received Prepare
Registering precompiled user dll's ...
Registered in 0.002683 seconds.
Begin MonoManager ReloadAssembly
Native extension for WindowsStandalone target not found
Refreshing native plugins compatible for Editor in 0.61 ms, found 1 plugins.
Preloading 0 native plugins for Editor in 0.00 ms.
Invoked RoslynAnalysisRunner static constructor.
RoslynAnalysisRunner will not be running.
RoslynAnalysisRunner has terminated.
Mono: successfully reloaded assembly
- Completed reload, in  0.998 seconds
Platform modules already initialized, skipping
Refreshing native plugins compatible for Editor in 0.60 ms, found 1 plugins.
Preloading 0 native plugins for Editor in 0.00 ms.
Unloading 2102 Unused Serialized files (Serialized files now loaded: 0)
System memory in use before: 95.2 MB.
System memory in use after: 95.2 MB.

Unloading 17 unused Assets to reduce memory usage. Loaded Objects now: 2572.
Total: 3.200000 ms (FindLiveObjects: 0.491900 ms CreateObjectMapping: 0.201500 ms MarkObjects: 2.342900 ms  DeleteObjects: 0.161100 ms)

========================================================================
Received Import Request.
  Time since last request: 228.731788 seconds.
  path: Assets/PlayerObject.cs
  artifactKey: Guid(2b898f172b7d35943bc899da2541e871) Importer(815301076,1909f56bfc062723c751e8b465ee728b)
Start importing Assets/PlayerObject.cs using Guid(2b898f172b7d35943bc899da2541e871) Importer(815301076,1909f56bfc062723c751e8b465ee728b)  -> (artifact id: '29e82e34984f387212f9909cb1baeaaf') in 0.014257 seconds
  Import took 0.019804 seconds .

========================================================================
Received Prepare
Registering precompiled user dll's ...
Registered in 0.002986 seconds.
Begin MonoManager ReloadAssembly
Native extension for WindowsStandalone target not found
Refreshing native plugins compatible for Editor in 0.48 ms, found 1 plugins.
Preloading 0 native plugins for Editor in 0.00 ms.
Invoked RoslynAnalysisRunner static constructor.
RoslynAnalysisRunner will not be running.
RoslynAnalysisRunner has terminated.
Mono: successfully reloaded assembly
- Completed reload, in  1.107 seconds
Platform modules already initialized, skipping
Refreshing native plugins compatible for Editor in 0.50 ms, found 1 plugins.
Preloading 0 native plugins for Editor in 0.00 ms.
Unloading 2103 Unused Serialized files (Serialized files now loaded: 0)
System memory in use before: 95.3 MB.
System memory in use after: 95.3 MB.

Unloading 17 unused Assets to reduce memory usage. Loaded Objects now: 2576.
Total: 2.953300 ms (FindLiveObjects: 0.292200 ms CreateObjectMapping: 0.112500 ms MarkObjects: 2.420300 ms  DeleteObjects: 0.127100 ms)

========================================================================
Received Import Request.
  Time since last request: 46.835510 seconds.
  path: Assets/PlayerObject.prefab
  artifactKey: Guid(cb90226b924ac994a9360213d1ef62d8) Importer(815301076,1909f56bfc062723c751e8b465ee728b)
Start importing Assets/PlayerObject.prefab using Guid(cb90226b924ac994a9360213d1ef62d8) Importer(815301076,1909f56bfc062723c751e8b465ee728b)  -> (artifact id: '34adb756b6a36fee917c5dc5d5d04485') in 0.034938 seconds
  Import took 0.039260 seconds .

========================================================================
Received Prepare
Registering precompiled user dll's ...
Registered in 0.001927 seconds.
Begin MonoManager ReloadAssembly
Native extension for WindowsStandalone target not found
Refreshing native plugins compatible for Editor in 0.42 ms, found 1 plugins.
Preloading 0 native plugins for Editor in 0.00 ms.
Invoked RoslynAnalysisRunner static constructor.
RoslynAnalysisRunner will not be running.
RoslynAnalysisRunner has terminated.
Mono: successfully reloaded assembly
- Completed reload, in  1.039 seconds
Platform modules already initialized, skipping
Refreshing native plugins compatible for Editor in 0.50 ms, found 1 plugins.
Preloading 0 native plugins for Editor in 0.00 ms.
Unloading 2103 Unused Serialized files (Serialized files now loaded: 0)
System memory in use before: 95.5 MB.
System memory in use after: 95.5 MB.

Unloading 17 unused Assets to reduce memory usage. Loaded Objects now: 2579.
Total: 2.689100 ms (FindLiveObjects: 0.437700 ms CreateObjectMapping: 0.119100 ms MarkObjects: 1.985600 ms  DeleteObjects: 0.145700 ms)

========================================================================
Received Import Request.
  Time since last request: 167.353068 seconds.
  path: Assets/PlayerObject.prefab
  artifactKey: Guid(cb90226b924ac994a9360213d1ef62d8) Importer(815301076,1909f56bfc062723c751e8b465ee728b)
Start importing Assets/PlayerObject.prefab using Guid(cb90226b924ac994a9360213d1ef62d8) Importer(815301076,1909f56bfc062723c751e8b465ee728b)  -> (artifact id: '92df8ad866559571bb5c8da7d1fae694') in 0.027610 seconds
  Import took 0.031114 seconds .

========================================================================
Received Import Request.
  Time since last request: 166.971609 seconds.
  path: Assets/Scenes/Menu.unity
  artifactKey: Guid(2cda990e2423bbf4892e6590ba056729) Importer(815301076,1909f56bfc062723c751e8b465ee728b)
Start importing Assets/Scenes/Menu.unity using Guid(2cda990e2423bbf4892e6590ba056729) Importer(815301076,1909f56bfc062723c751e8b465ee728b)  -> (artifact id: '8afc2aaa27911f179cd67713555f0b20') in 0.010164 seconds
  Import took 0.015999 seconds .

========================================================================
Received Import Request.
  Time since last request: 195.354800 seconds.
  path: Assets/PlayerUnit.prefab
  artifactKey: Guid(76426043d200c174cafae71a3a4913f3) Importer(815301076,1909f56bfc062723c751e8b465ee728b)
Start importing Assets/PlayerUnit.prefab using Guid(76426043d200c174cafae71a3a4913f3) Importer(815301076,1909f56bfc062723c751e8b465ee728b)  -> (artifact id: 'da6a851eed1fe92c1b8a689043bb99ce') in 0.091537 seconds
  Import took 0.096218 seconds .

========================================================================
Received Import Request.
  Time since last request: 29.801107 seconds.
  path: Assets/PlayerObject.prefab
  artifactKey: Guid(cb90226b924ac994a9360213d1ef62d8) Importer(815301076,1909f56bfc062723c751e8b465ee728b)
Start importing Assets/PlayerObject.prefab using Guid(cb90226b924ac994a9360213d1ef62d8) Importer(815301076,1909f56bfc062723c751e8b465ee728b)  -> (artifact id: '9d11957de79bc3c740c5236b5bea3060') in 0.003779 seconds
  Import took 0.008237 seconds .

========================================================================
Received Import Request.
  Time since last request: 0.003636 seconds.
  path: Assets/PlayerObject.prefab
  artifactKey: Guid(cb90226b924ac994a9360213d1ef62d8) Importer(815301076,1909f56bfc062723c751e8b465ee728b)
Start importing Assets/PlayerObject.prefab using Guid(cb90226b924ac994a9360213d1ef62d8) Importer(815301076,1909f56bfc062723c751e8b465ee728b)  -> (artifact id: '9d11957de79bc3c740c5236b5bea3060') in 0.005055 seconds
  Import took 0.010794 seconds .

========================================================================
Received Prepare
Registering precompiled user dll's ...
Registered in 0.002017 seconds.
Begin MonoManager ReloadAssembly
Native extension for WindowsStandalone target not found
Refreshing native plugins compatible for Editor in 0.42 ms, found 1 plugins.
Preloading 0 native plugins for Editor in 0.00 ms.
Invoked RoslynAnalysisRunner static constructor.
RoslynAnalysisRunner will not be running.
RoslynAnalysisRunner has terminated.
Mono: successfully reloaded assembly
- Completed reload, in  0.930 seconds
Platform modules already initialized, skipping
Refreshing native plugins compatible for Editor in 0.50 ms, found 1 plugins.
Preloading 0 native plugins for Editor in 0.00 ms.
Unloading 2103 Unused Serialized files (Serialized files now loaded: 0)
System memory in use before: 98.7 MB.
System memory in use after: 98.7 MB.

Unloading 18 unused Assets to reduce memory usage. Loaded Objects now: 2590.
Total: 3.789000 ms (FindLiveObjects: 0.610100 ms CreateObjectMapping: 0.264000 ms MarkObjects: 2.784200 ms  DeleteObjects: 0.129100 ms)

========================================================================
Received Import Request.
  Time since last request: 52.324282 seconds.
  path: Assets/PlayerUnit.prefab
  artifactKey: Guid(76426043d200c174cafae71a3a4913f3) Importer(815301076,1909f56bfc062723c751e8b465ee728b)
Start importing Assets/PlayerUnit.prefab using Guid(76426043d200c174cafae71a3a4913f3) Importer(815301076,1909f56bfc062723c751e8b465ee728b)  -> (artifact id: '62ff0e9285a8e7ea0a215791e7f1258c') in 0.095359 seconds
  Import took 0.099577 seconds .

========================================================================
Received Import Request.
  Time since last request: 114.472783 seconds.
  path: Assets/Red.mat
  artifactKey: Guid(9e4d95301de20f04cbd30aecec57b100) Importer(815301076,1909f56bfc062723c751e8b465ee728b)
Start importing Assets/Red.mat using Guid(9e4d95301de20f04cbd30aecec57b100) Importer(815301076,1909f56bfc062723c751e8b465ee728b)  -> (artifact id: '35c5c43116f0158b2aa4f30c38c58707') in 0.060746 seconds
  Import took 0.066523 seconds .

========================================================================
Received Import Request.
  Time since last request: 20.587085 seconds.
  path: Assets/PlayerUnit.prefab
  artifactKey: Guid(76426043d200c174cafae71a3a4913f3) Importer(815301076,1909f56bfc062723c751e8b465ee728b)
Start importing Assets/PlayerUnit.prefab using Guid(76426043d200c174cafae71a3a4913f3) Importer(815301076,1909f56bfc062723c751e8b465ee728b)  -> (artifact id: 'e33d00c23537e76c9484441b0f064c28') in 0.013751 seconds
  Import took 0.020090 seconds .

========================================================================
Received Import Request.
  Time since last request: 11.007468 seconds.
  path: Assets/PlayerUnit.prefab
  artifactKey: Guid(76426043d200c174cafae71a3a4913f3) Importer(815301076,1909f56bfc062723c751e8b465ee728b)
Start importing Assets/PlayerUnit.prefab using Guid(76426043d200c174cafae71a3a4913f3) Importer(815301076,1909f56bfc062723c751e8b465ee728b)  -> (artifact id: '3dd80ad533f33ce57c74451b338c5a85') in 0.008540 seconds
  Import took 0.013168 seconds .

========================================================================
Received Import Request.
  Time since last request: 1.704688 seconds.
  path: Assets/PlayerUnit.prefab
  artifactKey: Guid(76426043d200c174cafae71a3a4913f3) Importer(815301076,1909f56bfc062723c751e8b465ee728b)
Start importing Assets/PlayerUnit.prefab using Guid(76426043d200c174cafae71a3a4913f3) Importer(815301076,1909f56bfc062723c751e8b465ee728b)  -> (artifact id: 'e71056d929ce5534bd3151d136301c44') in 0.017300 seconds
  Import took 0.022144 seconds .

========================================================================
Received Import Request.
  Time since last request: 7.934651 seconds.
  path: Assets/PlayerUnit.prefab
  artifactKey: Guid(76426043d200c174cafae71a3a4913f3) Importer(815301076,1909f56bfc062723c751e8b465ee728b)
Start importing Assets/PlayerUnit.prefab using Guid(76426043d200c174cafae71a3a4913f3) Importer(815301076,1909f56bfc062723c751e8b465ee728b)  -> (artifact id: 'ce94bd5cae3276b6de581dd36f2ae5d5') in 0.024723 seconds
  Import took 0.029485 seconds .

========================================================================
Received Import Request.
  Time since last request: 1.834821 seconds.
  path: Assets/PlayerUnit.prefab
  artifactKey: Guid(76426043d200c174cafae71a3a4913f3) Importer(815301076,1909f56bfc062723c751e8b465ee728b)
Start importing Assets/PlayerUnit.prefab using Guid(76426043d200c174cafae71a3a4913f3) Importer(815301076,1909f56bfc062723c751e8b465ee728b)  -> (artifact id: 'b97040770a66c40735c9b85c75821376') in 0.044410 seconds
  Import took 0.048347 seconds .

========================================================================
Received Import Request.
  Time since last request: 2.238309 seconds.
  path: Assets/PlayerUnit.prefab
  artifactKey: Guid(76426043d200c174cafae71a3a4913f3) Importer(815301076,1909f56bfc062723c751e8b465ee728b)
Start importing Assets/PlayerUnit.prefab using Guid(76426043d200c174cafae71a3a4913f3) Importer(815301076,1909f56bfc062723c751e8b465ee728b)  -> (artifact id: 'd2ef2fc41ab9a36a2117428305d661f3') in 0.013377 seconds
  Import took 0.018773 seconds .

========================================================================
Received Import Request.
  Time since last request: 32.967781 seconds.
  path: Assets/PlayerUnit.prefab
  artifactKey: Guid(76426043d200c174cafae71a3a4913f3) Importer(815301076,1909f56bfc062723c751e8b465ee728b)
Start importing Assets/PlayerUnit.prefab using Guid(76426043d200c174cafae71a3a4913f3) Importer(815301076,1909f56bfc062723c751e8b465ee728b)  -> (artifact id: '479308ad9c586661a9c1fc333dff8d75') in 0.019042 seconds
  Import took 0.024637 seconds .

========================================================================
Received Import Request.
  Time since last request: 41.321334 seconds.
  path: Assets/Question.cs
  artifactKey: Guid(e0537241763007c45ae2edce58abd8bc) Importer(815301076,1909f56bfc062723c751e8b465ee728b)
Start importing Assets/Question.cs using Guid(e0537241763007c45ae2edce58abd8bc) Importer(815301076,1909f56bfc062723c751e8b465ee728b)  -> (artifact id: '66cee25af667796d999f93fc9a644b17') in 0.009076 seconds
  Import took 0.014919 seconds .

========================================================================
Received Import Request.
  Time since last request: 0.015780 seconds.
  path: Assets/Question.cs
  artifactKey: Guid(e0537241763007c45ae2edce58abd8bc) Importer(815301076,1909f56bfc062723c751e8b465ee728b)
Start importing Assets/Question.cs using Guid(e0537241763007c45ae2edce58abd8bc) Importer(815301076,1909f56bfc062723c751e8b465ee728b)  -> (artifact id: '66cee25af667796d999f93fc9a644b17') in 0.002633 seconds
  Import took 0.007662 seconds .

========================================================================
Received Prepare
Registering precompiled user dll's ...
Registered in 0.002147 seconds.
Begin MonoManager ReloadAssembly
Native extension for WindowsStandalone target not found
Refreshing native plugins compatible for Editor in 0.69 ms, found 1 plugins.
Preloading 0 native plugins for Editor in 0.00 ms.
Invoked RoslynAnalysisRunner static constructor.
RoslynAnalysisRunner will not be running.
RoslynAnalysisRunner has terminated.
Mono: successfully reloaded assembly
- Completed reload, in  1.044 seconds
Platform modules already initialized, skipping
Refreshing native plugins compatible for Editor in 0.46 ms, found 1 plugins.
Preloading 0 native plugins for Editor in 0.00 ms.
Unloading 2103 Unused Serialized files (Serialized files now loaded: 0)
System memory in use before: 99.1 MB.
System memory in use after: 99.2 MB.

Unloading 18 unused Assets to reduce memory usage. Loaded Objects now: 2628.
Total: 2.779400 ms (FindLiveObjects: 0.348400 ms CreateObjectMapping: 0.140100 ms MarkObjects: 2.108000 ms  DeleteObjects: 0.181300 ms)

========================================================================
Received Prepare
Registering precompiled user dll's ...
Registered in 0.001843 seconds.
Begin MonoManager ReloadAssembly
Native extension for WindowsStandalone target not found
Refreshing native plugins compatible for Editor in 0.50 ms, found 1 plugins.
Preloading 0 native plugins for Editor in 0.00 ms.
Invoked RoslynAnalysisRunner static constructor.
RoslynAnalysisRunner will not be running.
RoslynAnalysisRunner has terminated.
Mono: successfully reloaded assembly
- Completed reload, in  0.935 seconds
Platform modules already initialized, skipping
Refreshing native plugins compatible for Editor in 0.50 ms, found 1 plugins.
Preloading 0 native plugins for Editor in 0.00 ms.
Unloading 2103 Unused Serialized files (Serialized files now loaded: 0)
System memory in use before: 99.3 MB.
System memory in use after: 99.3 MB.

Unloading 17 unused Assets to reduce memory usage. Loaded Objects now: 2631.
Total: 3.277900 ms (FindLiveObjects: 0.279900 ms CreateObjectMapping: 0.098500 ms MarkObjects: 2.770400 ms  DeleteObjects: 0.127800 ms)

========================================================================
Received Import Request.
  Time since last request: 69.950373 seconds.
  path: Assets/PlayerUnit.prefab
  artifactKey: Guid(76426043d200c174cafae71a3a4913f3) Importer(815301076,1909f56bfc062723c751e8b465ee728b)
Start importing Assets/PlayerUnit.prefab using Guid(76426043d200c174cafae71a3a4913f3) Importer(815301076,1909f56bfc062723c751e8b465ee728b)  -> (artifact id: 'b4906a1062aae2f4d3ac68aa8d9d7c0d') in 0.056263 seconds
  Import took 0.060339 seconds .

========================================================================
Received Import Request.
  Time since last request: 1.063028 seconds.
  path: Assets/PlayerUnit.prefab
  artifactKey: Guid(76426043d200c174cafae71a3a4913f3) Importer(815301076,1909f56bfc062723c751e8b465ee728b)
Start importing Assets/PlayerUnit.prefab using Guid(76426043d200c174cafae71a3a4913f3) Importer(815301076,1909f56bfc062723c751e8b465ee728b)  -> (artifact id: '543ead97924197e5050968d719eb2c63') in 0.020044 seconds
  Import took 0.024805 seconds .

========================================================================
Received Import Request.
  Time since last request: 3.158984 seconds.
  path: Assets/PlayerUnit.prefab
  artifactKey: Guid(76426043d200c174cafae71a3a4913f3) Importer(815301076,1909f56bfc062723c751e8b465ee728b)
Start importing Assets/PlayerUnit.prefab using Guid(76426043d200c174cafae71a3a4913f3) Importer(815301076,1909f56bfc062723c751e8b465ee728b)  -> (artifact id: '6b051a3659e81e9ae2c6fd1fb9497c93') in 0.016689 seconds
  Import took 0.021932 seconds .

========================================================================
Received Import Request.
  Time since last request: 0.000330 seconds.
  path: Assets/Red.mat
  artifactKey: Guid(9e4d95301de20f04cbd30aecec57b100) Importer(815301076,1909f56bfc062723c751e8b465ee728b)
Start importing Assets/Red.mat using Guid(9e4d95301de20f04cbd30aecec57b100) Importer(815301076,1909f56bfc062723c751e8b465ee728b)  -> (artifact id: 'd0bf75e754a9af5665b16d2046926399') in 0.032018 seconds
  Import took 0.035845 seconds .

========================================================================
Received Prepare
Registering precompiled user dll's ...
Registered in 0.001930 seconds.
Begin MonoManager ReloadAssembly
Native extension for WindowsStandalone target not found
Refreshing native plugins compatible for Editor in 0.42 ms, found 1 plugins.
Preloading 0 native plugins for Editor in 0.00 ms.
Invoked RoslynAnalysisRunner static constructor.
RoslynAnalysisRunner will not be running.
RoslynAnalysisRunner has terminated.
Mono: successfully reloaded assembly
- Completed reload, in  0.961 seconds
Platform modules already initialized, skipping
Refreshing native plugins compatible for Editor in 0.82 ms, found 1 plugins.
Preloading 0 native plugins for Editor in 0.00 ms.
Unloading 2103 Unused Serialized files (Serialized files now loaded: 0)
System memory in use before: 99.5 MB.
System memory in use after: 99.5 MB.

Unloading 17 unused Assets to reduce memory usage. Loaded Objects now: 2635.
Total: 4.025800 ms (FindLiveObjects: 0.564100 ms CreateObjectMapping: 0.198700 ms MarkObjects: 3.070900 ms  DeleteObjects: 0.190600 ms)

========================================================================
Received Prepare
Registering precompiled user dll's ...
Registered in 0.003214 seconds.
Begin MonoManager ReloadAssembly
Native extension for WindowsStandalone target not found
Refreshing native plugins compatible for Editor in 0.43 ms, found 1 plugins.
Preloading 0 native plugins for Editor in 0.00 ms.
Invoked RoslynAnalysisRunner static constructor.
RoslynAnalysisRunner will not be running.
RoslynAnalysisRunner has terminated.
Mono: successfully reloaded assembly
- Completed reload, in  1.055 seconds
Platform modules already initialized, skipping
Refreshing native plugins compatible for Editor in 1.74 ms, found 1 plugins.
Preloading 0 native plugins for Editor in 0.00 ms.
Unloading 2103 Unused Serialized files (Serialized files now loaded: 0)
System memory in use before: 99.6 MB.
System memory in use after: 99.6 MB.

Unloading 17 unused Assets to reduce memory usage. Loaded Objects now: 2638.
Total: 4.025100 ms (FindLiveObjects: 0.429900 ms CreateObjectMapping: 0.255400 ms MarkObjects: 3.139800 ms  DeleteObjects: 0.198100 ms)

========================================================================
Received Prepare
Registering precompiled user dll's ...
Registered in 0.002145 seconds.
Begin MonoManager ReloadAssembly
Native extension for WindowsStandalone target not found
Refreshing native plugins compatible for Editor in 0.78 ms, found 1 plugins.
Preloading 0 native plugins for Editor in 0.00 ms.
Invoked RoslynAnalysisRunner static constructor.
RoslynAnalysisRunner will not be running.
RoslynAnalysisRunner has terminated.
Mono: successfully reloaded assembly
- Completed reload, in  1.065 seconds
Platform modules already initialized, skipping
Refreshing native plugins compatible for Editor in 0.50 ms, found 1 plugins.
Preloading 0 native plugins for Editor in 0.00 ms.
Unloading 2103 Unused Serialized files (Serialized files now loaded: 0)
System memory in use before: 98.8 MB.
System memory in use after: 98.8 MB.

Unloading 17 unused Assets to reduce memory usage. Loaded Objects now: 2641.
Total: 3.037700 ms (FindLiveObjects: 0.575600 ms CreateObjectMapping: 0.147900 ms MarkObjects: 2.144800 ms  DeleteObjects: 0.165300 ms)

========================================================================
Received Prepare
Registering precompiled user dll's ...
Registered in 0.002300 seconds.
Begin MonoManager ReloadAssembly
Native extension for WindowsStandalone target not found
Refreshing native plugins compatible for Editor in 0.45 ms, found 1 plugins.
Preloading 0 native plugins for Editor in 0.00 ms.
Invoked RoslynAnalysisRunner static constructor.
RoslynAnalysisRunner will not be running.
RoslynAnalysisRunner has terminated.
Mono: successfully reloaded assembly
- Completed reload, in  1.005 seconds
Platform modules already initialized, skipping
Refreshing native plugins compatible for Editor in 0.51 ms, found 1 plugins.
Preloading 0 native plugins for Editor in 0.00 ms.
Unloading 2103 Unused Serialized files (Serialized files now loaded: 0)
System memory in use before: 99.0 MB.
System memory in use after: 99.0 MB.

Unloading 17 unused Assets to reduce memory usage. Loaded Objects now: 2644.
Total: 3.273300 ms (FindLiveObjects: 0.541000 ms CreateObjectMapping: 0.237600 ms MarkObjects: 2.350200 ms  DeleteObjects: 0.143000 ms)

========================================================================
Received Prepare
Refreshing native plugins compatible for Editor in 2.48 ms, found 1 plugins.
Preloading 0 native plugins for Editor in 0.00 ms.
Unloading 15 Unused Serialized files (Serialized files now loaded: 0)
System memory in use before: 57.6 MB.
System memory in use after: 57.6 MB.

Unloading 15 unused Assets to reduce memory usage. Loaded Objects now: 2644.
Total: 5.218400 ms (FindLiveObjects: 0.519600 ms CreateObjectMapping: 0.219300 ms MarkObjects: 4.328600 ms  DeleteObjects: 0.147600 ms)

========================================================================
Received Prepare
Registering precompiled user dll's ...
Registered in 0.002116 seconds.
Begin MonoManager ReloadAssembly
Native extension for WindowsStandalone target not found
Refreshing native plugins compatible for Editor in 1.05 ms, found 1 plugins.
Preloading 0 native plugins for Editor in 0.00 ms.
Invoked RoslynAnalysisRunner static constructor.
RoslynAnalysisRunner will not be running.
RoslynAnalysisRunner has terminated.
Mono: successfully reloaded assembly
- Completed reload, in  1.102 seconds
Platform modules already initialized, skipping
Refreshing native plugins compatible for Editor in 0.52 ms, found 1 plugins.
Preloading 0 native plugins for Editor in 0.00 ms.
Unloading 2103 Unused Serialized files (Serialized files now loaded: 0)
System memory in use before: 99.4 MB.
System memory in use after: 99.4 MB.

Unloading 17 unused Assets to reduce memory usage. Loaded Objects now: 2647.
Total: 3.480300 ms (FindLiveObjects: 0.570700 ms CreateObjectMapping: 0.195300 ms MarkObjects: 2.520800 ms  DeleteObjects: 0.192000 ms)

========================================================================
Received Prepare
Registering precompiled user dll's ...
Registered in 0.001808 seconds.
Begin MonoManager ReloadAssembly
Native extension for WindowsStandalone target not found
Refreshing native plugins compatible for Editor in 0.84 ms, found 1 plugins.
Preloading 0 native plugins for Editor in 0.00 ms.
Invoked RoslynAnalysisRunner static constructor.
RoslynAnalysisRunner will not be running.
RoslynAnalysisRunner has terminated.
Mono: successfully reloaded assembly
- Completed reload, in  1.118 seconds
Platform modules already initialized, skipping
Refreshing native plugins compatible for Editor in 0.45 ms, found 1 plugins.
Preloading 0 native plugins for Editor in 0.00 ms.
Unloading 2103 Unused Serialized files (Serialized files now loaded: 0)
System memory in use before: 99.6 MB.
System memory in use after: 99.6 MB.

Unloading 17 unused Assets to reduce memory usage. Loaded Objects now: 2650.
Total: 2.358100 ms (FindLiveObjects: 0.313700 ms CreateObjectMapping: 0.120100 ms MarkObjects: 1.813300 ms  DeleteObjects: 0.108700 ms)

========================================================================
Received Prepare
Registering precompiled user dll's ...
Registered in 0.002608 seconds.
Begin MonoManager ReloadAssembly
Native extension for WindowsStandalone target not found
Refreshing native plugins compatible for Editor in 0.43 ms, found 1 plugins.
Preloading 0 native plugins for Editor in 0.00 ms.
Invoked RoslynAnalysisRunner static constructor.
RoslynAnalysisRunner will not be running.
RoslynAnalysisRunner has terminated.
Mono: successfully reloaded assembly
- Completed reload, in  1.197 seconds
Platform modules already initialized, skipping
Refreshing native plugins compatible for Editor in 0.73 ms, found 1 plugins.
Preloading 0 native plugins for Editor in 0.00 ms.
Unloading 2103 Unused Serialized files (Serialized files now loaded: 0)
System memory in use before: 99.7 MB.
System memory in use after: 99.7 MB.

Unloading 17 unused Assets to reduce memory usage. Loaded Objects now: 2653.
Total: 3.026200 ms (FindLiveObjects: 0.341200 ms CreateObjectMapping: 0.157800 ms MarkObjects: 2.399600 ms  DeleteObjects: 0.125500 ms)

========================================================================
Received Import Request.
  Time since last request: 928.795646 seconds.
  path: Assets/PlayerObject.prefab
  artifactKey: Guid(cb90226b924ac994a9360213d1ef62d8) Importer(815301076,1909f56bfc062723c751e8b465ee728b)
Start importing Assets/PlayerObject.prefab using Guid(cb90226b924ac994a9360213d1ef62d8) Importer(815301076,1909f56bfc062723c751e8b465ee728b)  -> (artifact id: 'c180bba1c5e241deed5c690b61a711aa') in 0.049527 seconds
  Import took 0.053697 seconds .

========================================================================
Received Import Request.
  Time since last request: 5.622475 seconds.
  path: Assets/PlayerUnit.prefab
  artifactKey: Guid(76426043d200c174cafae71a3a4913f3) Importer(815301076,1909f56bfc062723c751e8b465ee728b)
Start importing Assets/PlayerUnit.prefab using Guid(76426043d200c174cafae71a3a4913f3) Importer(815301076,1909f56bfc062723c751e8b465ee728b)  -> (artifact id: '1909baf26e89cf32279d427d7fa62987') in 0.041171 seconds
  Import took 0.046208 seconds .

========================================================================
Received Prepare
Registering precompiled user dll's ...
Registered in 0.001942 seconds.
Begin MonoManager ReloadAssembly
Native extension for WindowsStandalone target not found
Refreshing native plugins compatible for Editor in 0.46 ms, found 1 plugins.
Preloading 0 native plugins for Editor in 0.00 ms.
Invoked RoslynAnalysisRunner static constructor.
RoslynAnalysisRunner will not be running.
RoslynAnalysisRunner has terminated.
Mono: successfully reloaded assembly
- Completed reload, in  0.826 seconds
Platform modules already initialized, skipping
Refreshing native plugins compatible for Editor in 0.58 ms, found 1 plugins.
Preloading 0 native plugins for Editor in 0.00 ms.
Unloading 2103 Unused Serialized files (Serialized files now loaded: 0)
System memory in use before: 99.0 MB.
System memory in use after: 99.0 MB.

Unloading 17 unused Assets to reduce memory usage. Loaded Objects now: 2657.
Total: 2.231200 ms (FindLiveObjects: 0.207700 ms CreateObjectMapping: 0.093400 ms MarkObjects: 1.824800 ms  DeleteObjects: 0.104400 ms)

========================================================================
Received Prepare
Refreshing native plugins compatible for Editor in 3.73 ms, found 1 plugins.
Preloading 0 native plugins for Editor in 0.00 ms.
Unloading 15 Unused Serialized files (Serialized files now loaded: 0)
System memory in use before: 57.6 MB.
System memory in use after: 57.6 MB.

Unloading 15 unused Assets to reduce memory usage. Loaded Objects now: 2657.
Total: 2.603000 ms (FindLiveObjects: 0.376800 ms CreateObjectMapping: 0.128300 ms MarkObjects: 1.987900 ms  DeleteObjects: 0.108000 ms)

========================================================================
Received Prepare
Registering precompiled user dll's ...
Registered in 0.002371 seconds.
Begin MonoManager ReloadAssembly
Native extension for WindowsStandalone target not found
Refreshing native plugins compatible for Editor in 2.16 ms, found 1 plugins.
Preloading 0 native plugins for Editor in 0.00 ms.
Invoked RoslynAnalysisRunner static constructor.
RoslynAnalysisRunner will not be running.
RoslynAnalysisRunner has terminated.
Mono: successfully reloaded assembly
- Completed reload, in  1.295 seconds
Platform modules already initialized, skipping
Refreshing native plugins compatible for Editor in 0.83 ms, found 1 plugins.
Preloading 0 native plugins for Editor in 0.00 ms.
Unloading 2103 Unused Serialized files (Serialized files now loaded: 0)
System memory in use before: 99.3 MB.
System memory in use after: 99.3 MB.

Unloading 17 unused Assets to reduce memory usage. Loaded Objects now: 2660.
Total: 2.146400 ms (FindLiveObjects: 0.311400 ms CreateObjectMapping: 0.140500 ms MarkObjects: 1.595400 ms  DeleteObjects: 0.097800 ms)

========================================================================
Received Prepare
Refreshing native plugins compatible for Editor in 2.01 ms, found 1 plugins.
Preloading 0 native plugins for Editor in 0.00 ms.
Unloading 15 Unused Serialized files (Serialized files now loaded: 0)
System memory in use before: 57.9 MB.
System memory in use after: 57.9 MB.

Unloading 15 unused Assets to reduce memory usage. Loaded Objects now: 2660.
Total: 2.974000 ms (FindLiveObjects: 0.530900 ms CreateObjectMapping: 0.091800 ms MarkObjects: 2.228200 ms  DeleteObjects: 0.108700 ms)

========================================================================
Received Prepare
Registering precompiled user dll's ...
Registered in 0.002919 seconds.
Begin MonoManager ReloadAssembly
Native extension for WindowsStandalone target not found
Refreshing native plugins compatible for Editor in 0.73 ms, found 1 plugins.
Preloading 0 native plugins for Editor in 0.00 ms.
Invoked RoslynAnalysisRunner static constructor.
RoslynAnalysisRunner will not be running.
RoslynAnalysisRunner has terminated.
Mono: successfully reloaded assembly
- Completed reload, in  1.226 seconds
Platform modules already initialized, skipping
Refreshing native plugins compatible for Editor in 0.59 ms, found 1 plugins.
Preloading 0 native plugins for Editor in 0.00 ms.
Unloading 2103 Unused Serialized files (Serialized files now loaded: 0)
System memory in use before: 99.7 MB.
System memory in use after: 99.7 MB.

Unloading 17 unused Assets to reduce memory usage. Loaded Objects now: 2663.
Total: 3.571000 ms (FindLiveObjects: 0.397000 ms CreateObjectMapping: 0.173800 ms MarkObjects: 2.874200 ms  DeleteObjects: 0.124400 ms)

AssetImportWorkerClient::OnTransportError - code=2 error=End of file
